<?xml version="1.0" encoding="UTF-8"?>
<beans xmlns="http://www.springframework.org/schema/beans"
	xmlns:xsi="http://www.w3.org/2001/XMLSchema-instance"
	xsi:schemaLocation="http://www.springframework.org/schema/beans 
						http://www.springframework.org/schema/beans/spring-beans-3.0.xsd">
	<bean id="dataSource" class="org.springframework.jdbc.datasource.SimpleDriverDataSource">
		<property name="driverClass" value="org.postgresql.Driver" />
		<property name="url" value="jdbc:postgresql://127.0.0.1:15432/testdb" />
		<property name="username" value="postgres" />
		<property name="password" value="1234" />
	</bean>

	<bean id="userDao" class="tobyspring.vol1.dao.UserDao">
		<property name="dataSource" ref="dataSource" />
	</bean>
</beans>
